Using pre-set license
Built from '2020.3/release' branch; Version is '2020.3.1f1 (77a89f25062f) revision 7841951'; Using compiler version '192528614'; Build Type 'Release'
OS: 'Windows 10 Pro; OS build 19041.867; Version 2004; 64bit' Language: 'en' Physical Memory: 16340 MB
BatchMode: 1, IsHumanControllingUs: 0, StartBugReporterOnCrash: 0, Is64bit: 1, IsPro: 0

 COMMAND LINE ARGUMENTS:
C:\Program Files\Unity\Hub\Editor\2020.3.1f1\Editor\Unity.exe
-adb2
-batchMode
-noUpm
-name
AssetImportWorker0
-projectPath
C:/Users/Noah/Documents/git/ProjectBitVault/src/BitVault
-logFile
Logs/AssetImportWorker0.log
-srvPort
52334
Successfully changed project path to: C:/Users/Noah/Documents/git/ProjectBitVault/src/BitVault
C:/Users/Noah/Documents/git/ProjectBitVault/src/BitVault
Using Asset Import Pipeline V2.
Refreshing native plugins compatible for Editor in 177.89 ms, found 4 plugins.
Preloading 0 native plugins for Editor in 0.00 ms.
Initialize engine version: 2020.3.1f1 (77a89f25062f)
[Subsystems] Discovering subsystems at path C:/Program Files/Unity/Hub/Editor/2020.3.1f1/Editor/Data/Resources/UnitySubsystems
[Subsystems] Discovering subsystems at path C:/Users/Noah/Documents/git/ProjectBitVault/src/BitVault/Assets
GfxDevice: creating device client; threaded=0
Direct3D:
    Version:  Direct3D 11.0 [level 11.1]
    Renderer: AMD Radeon (TM) R9 390 Series (ID=0x67b0)
    Vendor:   
    VRAM:     8168 MB
    Driver:   27.20.1034.6
Shader 'Universal Render Pipeline/Particles/Lit': fallback shader 'Universal Render Pipeline/Particles/SimpleLit' not found
Initialize mono
Mono path[0] = 'C:/Program Files/Unity/Hub/Editor/2020.3.1f1/Editor/Data/Managed'
Mono path[1] = 'C:/Program Files/Unity/Hub/Editor/2020.3.1f1/Editor/Data/MonoBleedingEdge/lib/mono/unityjit'
Mono config path = 'C:/Program Files/Unity/Hub/Editor/2020.3.1f1/Editor/Data/MonoBleedingEdge/etc'
Using monoOptions --debugger-agent=transport=dt_socket,embedding=1,server=y,suspend=n,address=127.0.0.1:56876
Begin MonoManager ReloadAssembly
Registering precompiled unity dll's ...
Register platform support module: C:/Program Files/Unity/Hub/Editor/2020.3.1f1/Editor/Data/PlaybackEngines/MacStandaloneSupport/UnityEditor.OSXStandalone.Extensions.dll
Register platform support module: C:/Program Files/Unity/Hub/Editor/2020.3.1f1/Editor/Data/PlaybackEngines/WindowsStandaloneSupport/UnityEditor.WindowsStandalone.Extensions.dll
Registered in 0.007565 seconds.
Native extension for WindowsStandalone target not found
Native extension for OSXStandalone target not found
Refreshing native plugins compatible for Editor in 139.96 ms, found 4 plugins.
Preloading 0 native plugins for Editor in 0.00 ms.
Invoked RoslynAnalysisRunner static constructor.
RoslynAnalysisRunner will not be running.
RoslynAnalysisRunner has terminated.
Mono: successfully reloaded assembly
- Completed reload, in  7.193 seconds
Platform modules already initialized, skipping
Registering precompiled user dll's ...
Registered in 0.014975 seconds.
Begin MonoManager ReloadAssembly
Native extension for WindowsStandalone target not found
Native extension for OSXStandalone target not found
Refreshing native plugins compatible for Editor in 151.02 ms, found 4 plugins.
Preloading 0 native plugins for Editor in 0.00 ms.
Invoked RoslynAnalysisRunner static constructor.
RoslynAnalysisRunner will not be running.
RoslynAnalysisRunner has terminated.
Mono: successfully reloaded assembly
- Completed reload, in  1.867 seconds
Platform modules already initialized, skipping
========================================================================
Worker process is ready to serve import requests
Shader 'TextMeshPro/Distance Field (UIHsvModifier)': fallback shader 'TextMeshPro/Mobile/Distance Field (UIHsv)' not found
Shader 'TextMeshPro/Distance Field (UIHsvModifier)': fallback shader 'TextMeshPro/Mobile/Distance Field (UIHsv)' not found
Shader 'Universal Render Pipeline/Particles/Lit': fallback shader 'Universal Render Pipeline/Particles/SimpleLit' not found
Launched and connected shader compiler UnityShaderCompiler.exe after 0.22 seconds
Refreshing native plugins compatible for Editor in 0.98 ms, found 4 plugins.
Preloading 0 native plugins for Editor in 0.00 ms.
Unloading 3569 Unused Serialized files (Serialized files now loaded: 0)
System memory in use before: 154.5 MB.
System memory in use after: 154.4 MB.

Unloading 55 unused Assets to reduce memory usage. Loaded Objects now: 3985.
Total: 8.004400 ms (FindLiveObjects: 0.639100 ms CreateObjectMapping: 0.390500 ms MarkObjects: 6.681500 ms  DeleteObjects: 0.291200 ms)

========================================================================
Received Import Request.
  path: Assets/GameAssembly.asmdef
  artifactKey: Guid(417bc92368ea0194b96e0e11032f6e2a) Importer(815301076,1909f56bfc062723c751e8b465ee728b)
Start importing Assets/GameAssembly.asmdef using Guid(417bc92368ea0194b96e0e11032f6e2a) Importer(815301076,1909f56bfc062723c751e8b465ee728b)  -> (artifact id: '84ff7d5cfebda0666652d900109cec66') in 0.085624 seconds
  Import took 0.093538 seconds .

========================================================================
Received Import Request.
  Time since last request: 0.000379 seconds.
  path: Assets/Prefabs/Infrastructure/GameCamera.prefab
  artifactKey: Guid(5ce1ec9e0a104e145aceb0430504e528) Importer(815301076,1909f56bfc062723c751e8b465ee728b)
Start importing Assets/Prefabs/Infrastructure/GameCamera.prefab using Guid(5ce1ec9e0a104e145aceb0430504e528) Importer(815301076,1909f56bfc062723c751e8b465ee728b)  -> (artifact id: 'effdcf9ba84c81d168d7ad69ed40da70') in 0.231231 seconds
  Import took 0.247715 seconds .

========================================================================
Received Import Request.
  Time since last request: 0.000281 seconds.
  path: Assets/Prefabs/UI/GameUI.prefab
  artifactKey: Guid(9c1c5d8f674798a499648c0c989bf9c0) Importer(815301076,1909f56bfc062723c751e8b465ee728b)
Start importing Assets/Prefabs/UI/GameUI.prefab using Guid(9c1c5d8f674798a499648c0c989bf9c0) Importer(815301076,1909f56bfc062723c751e8b465ee728b)  -> (artifact id: '9827fb1a67b9b1aa9098d4063ee6f252') in 7.768470 seconds
  Import took 8.357800 seconds .

========================================================================
Received Import Request.
  Time since last request: 0.000511 seconds.
  path: Assets/Prefabs/Infrastructure/GameBackgroundMusic.prefab
  artifactKey: Guid(9d72c28a2e23c9d42ac42208a1e2b18a) Importer(815301076,1909f56bfc062723c751e8b465ee728b)
Start importing Assets/Prefabs/Infrastructure/GameBackgroundMusic.prefab using Guid(9d72c28a2e23c9d42ac42208a1e2b18a) Importer(815301076,1909f56bfc062723c751e8b465ee728b)  -> (artifact id: '28468ddb27f75b188894ecd2c7a4b1d6') in 0.014346 seconds
  Import took 0.021015 seconds .

========================================================================
Received Import Request.
  Time since last request: 0.000389 seconds.
  path: Assets/State/GameInputActive.asset
  artifactKey: Guid(eebaf394924070845bc9896cb2a4d42c) Importer(815301076,1909f56bfc062723c751e8b465ee728b)
Start importing Assets/State/GameInputActive.asset using Guid(eebaf394924070845bc9896cb2a4d42c) Importer(815301076,1909f56bfc062723c751e8b465ee728b)  -> (artifact id: 'e88ba1b1c4372d91667f5ee093fdba55') in 0.013203 seconds
  Import took 0.021169 seconds .

========================================================================
Received Import Request.
  Time since last request: 0.002318 seconds.
  path: Assets/Prefabs/UI/GameUILevelDisplay.prefab
  artifactKey: Guid(9316145631b19a54b893f4ed0d89a0c9) Importer(815301076,1909f56bfc062723c751e8b465ee728b)
Start importing Assets/Prefabs/UI/GameUILevelDisplay.prefab using Guid(9316145631b19a54b893f4ed0d89a0c9) Importer(815301076,1909f56bfc062723c751e8b465ee728b)  -> (artifact id: '533e3ec47780464a9eac333f02a6a133') in 0.030265 seconds
  Import took 0.040226 seconds .

========================================================================
Received Import Request.
  Time since last request: 0.000557 seconds.
  path: Assets/Prefabs/Demo/DemoGamePackage.prefab
  artifactKey: Guid(881ba9134e98be54bb270fad31655995) Importer(815301076,1909f56bfc062723c751e8b465ee728b)
Start importing Assets/Prefabs/Demo/DemoGamePackage.prefab using Guid(881ba9134e98be54bb270fad31655995) Importer(815301076,1909f56bfc062723c751e8b465ee728b) SendMessage cannot be called during Awake, CheckConsistency, or OnValidate

SendMessage cannot be called during Awake, CheckConsistency, or OnValidate

 -> (artifact id: '4b56b6e214813d85719d9fc28a85c28d') in 5.978747 seconds
  Import took 6.594197 seconds .

========================================================================
Received Import Request.
  Time since last request: 0.000465 seconds.
  path: Assets/Prefabs/Infrastructure/FullGamePackage.prefab
  artifactKey: Guid(4a919419c31a1a0449513343ae104aeb) Importer(815301076,1909f56bfc062723c751e8b465ee728b)
Start importing Assets/Prefabs/Infrastructure/FullGamePackage.prefab using Guid(4a919419c31a1a0449513343ae104aeb) Importer(815301076,1909f56bfc062723c751e8b465ee728b)  -> (artifact id: '9e636179bd7360731f9c0bfc17df3e01') in 5.147423 seconds
  Import took 5.754725 seconds .

========================================================================
Received Import Request.
  Time since last request: 0.000253 seconds.
  path: Assets/Prefabs/Infrastructure/GameGeneralSounds.prefab
  artifactKey: Guid(bf73f8432a32fb84c9af40dae2f01f02) Importer(815301076,1909f56bfc062723c751e8b465ee728b)
Start importing Assets/Prefabs/Infrastructure/GameGeneralSounds.prefab using Guid(bf73f8432a32fb84c9af40dae2f01f02) Importer(815301076,1909f56bfc062723c751e8b465ee728b)  -> (artifact id: '7d5b152853006757d42c565211651054') in 0.013523 seconds
  Import took 0.019709 seconds .

========================================================================
Received Import Request.
  Time since last request: 0.000315 seconds.
  path: Assets/State/GameInputActiveLockVariable.asset
  artifactKey: Guid(24002322d985f6d4087239253827123b) Importer(815301076,1909f56bfc062723c751e8b465ee728b)
Start importing Assets/State/GameInputActiveLockVariable.asset using Guid(24002322d985f6d4087239253827123b) Importer(815301076,1909f56bfc062723c751e8b465ee728b)  -> (artifact id: 'a7dc3a44be62c2812e0ed43487364c60') in 0.004953 seconds
  Import took 0.013913 seconds .

========================================================================
Received Import Request.
  Time since last request: 0.000240 seconds.
  path: Assets/Prefabs/UI/GameMouseInputProcessor.prefab
  artifactKey: Guid(ff9efc1ee325bbe47b4268a6c48b82f8) Importer(815301076,1909f56bfc062723c751e8b465ee728b)
Start importing Assets/Prefabs/UI/GameMouseInputProcessor.prefab using Guid(ff9efc1ee325bbe47b4268a6c48b82f8) Importer(815301076,1909f56bfc062723c751e8b465ee728b)  -> (artifact id: '128b780c3dc68434aee0e81f47d4b7cd') in 0.013178 seconds
  Import took 0.024492 seconds .

========================================================================
Received Import Request.
  Time since last request: 212.551967 seconds.
  path: Assets/Prefabs/UI/GameUI.prefab
  artifactKey: Guid(9c1c5d8f674798a499648c0c989bf9c0) Importer(815301076,1909f56bfc062723c751e8b465ee728b)
Start importing Assets/Prefabs/UI/GameUI.prefab using Guid(9c1c5d8f674798a499648c0c989bf9c0) Importer(815301076,1909f56bfc062723c751e8b465ee728b)  -> (artifact id: '3de6f068990593cd0c8fd7968d897f64') in 9.083388 seconds
  Import took 10.137754 seconds .

========================================================================
Received Prepare
Registering precompiled user dll's ...
Registered in 0.024163 seconds.
Begin MonoManager ReloadAssembly
Native extension for WindowsStandalone target not found
Native extension for OSXStandalone target not found
Refreshing native plugins compatible for Editor in 1.06 ms, found 4 plugins.
Preloading 0 native plugins for Editor in 0.00 ms.
Invoked RoslynAnalysisRunner static constructor.
RoslynAnalysisRunner will not be running.
RoslynAnalysisRunner has terminated.
Mono: successfully reloaded assembly
- Completed reload, in  1.495 seconds
Platform modules already initialized, skipping
Shader 'TextMeshPro/Distance Field (UIHsvModifier)': fallback shader 'TextMeshPro/Mobile/Distance Field (UIHsv)' not found
Shader 'TextMeshPro/Distance Field (UIHsvModifier)': fallback shader 'TextMeshPro/Mobile/Distance Field (UIHsv)' not found
Shader 'Universal Render Pipeline/Particles/Lit': fallback shader 'Universal Render Pipeline/Particles/SimpleLit' not found
Refreshing native plugins compatible for Editor in 1.00 ms, found 4 plugins.
Preloading 0 native plugins for Editor in 0.00 ms.
Unloading 3402 Unused Serialized files (Serialized files now loaded: 0)
System memory in use before: 170.4 MB.
System memory in use after: 170.3 MB.

Unloading 52 unused Assets to reduce memory usage. Loaded Objects now: 4034.
Total: 3.979900 ms (FindLiveObjects: 0.429800 ms CreateObjectMapping: 0.536800 ms MarkObjects: 2.165800 ms  DeleteObjects: 0.846600 ms)

========================================================================
Received Import Request.
  Time since last request: 5475.127172 seconds.
  path: Assets/Prefabs/UI/GameUI.prefab
  artifactKey: Guid(9c1c5d8f674798a499648c0c989bf9c0) Importer(815301076,1909f56bfc062723c751e8b465ee728b)
Start importing Assets/Prefabs/UI/GameUI.prefab using Guid(9c1c5d8f674798a499648c0c989bf9c0) Importer(815301076,1909f56bfc062723c751e8b465ee728b)  -> (artifact id: '83fdc0892313ad3aabeaa9122a2c6c9d') in 10.019521 seconds
  Import took 11.239840 seconds .

========================================================================
Received Prepare
Registering precompiled user dll's ...
Registered in 0.008312 seconds.
Begin MonoManager ReloadAssembly
Native extension for WindowsStandalone target not found
Native extension for OSXStandalone target not found
Refreshing native plugins compatible for Editor in 1.38 ms, found 4 plugins.
Preloading 0 native plugins for Editor in 0.00 ms.
Invoked RoslynAnalysisRunner static constructor.
RoslynAnalysisRunner will not be running.
RoslynAnalysisRunner has terminated.
Mono: successfully reloaded assembly
- Completed reload, in  1.448 seconds
Platform modules already initialized, skipping
Shader 'TextMeshPro/Distance Field (UIHsvModifier)': fallback shader 'TextMeshPro/Mobile/Distance Field (UIHsv)' not found
Shader 'TextMeshPro/Distance Field (UIHsvModifier)': fallback shader 'TextMeshPro/Mobile/Distance Field (UIHsv)' not found
Shader 'Universal Render Pipeline/Particles/Lit': fallback shader 'Universal Render Pipeline/Particles/SimpleLit' not found
Refreshing native plugins compatible for Editor in 0.91 ms, found 4 plugins.
Preloading 0 native plugins for Editor in 0.00 ms.
Unloading 3402 Unused Serialized files (Serialized files now loaded: 0)
System memory in use before: 170.7 MB.
System memory in use after: 170.5 MB.

Unloading 51 unused Assets to reduce memory usage. Loaded Objects now: 4037.
Total: 4.371800 ms (FindLiveObjects: 0.685900 ms CreateObjectMapping: 0.253500 ms MarkObjects: 3.001500 ms  DeleteObjects: 0.429000 ms)

========================================================================
Received Prepare
Registering precompiled user dll's ...
Registered in 0.027418 seconds.
Begin MonoManager ReloadAssembly
Native extension for WindowsStandalone target not found
Native extension for OSXStandalone target not found
Refreshing native plugins compatible for Editor in 1.16 ms, found 4 plugins.
Preloading 0 native plugins for Editor in 0.00 ms.
Invoked RoslynAnalysisRunner static constructor.
RoslynAnalysisRunner will not be running.
RoslynAnalysisRunner has terminated.
Mono: successfully reloaded assembly
- Completed reload, in  1.929 seconds
Platform modules already initialized, skipping
Shader 'TextMeshPro/Distance Field (UIHsvModifier)': fallback shader 'TextMeshPro/Mobile/Distance Field (UIHsv)' not found
Shader 'TextMeshPro/Distance Field (UIHsvModifier)': fallback shader 'TextMeshPro/Mobile/Distance Field (UIHsv)' not found
Shader 'Universal Render Pipeline/Particles/Lit': fallback shader 'Universal Render Pipeline/Particles/SimpleLit' not found
Refreshing native plugins compatible for Editor in 1.45 ms, found 4 plugins.
Preloading 0 native plugins for Editor in 0.00 ms.
Unloading 3402 Unused Serialized files (Serialized files now loaded: 0)
System memory in use before: 170.7 MB.
System memory in use after: 170.6 MB.

Unloading 47 unused Assets to reduce memory usage. Loaded Objects now: 4040.
Total: 3.980000 ms (FindLiveObjects: 0.833300 ms CreateObjectMapping: 0.302900 ms MarkObjects: 2.466300 ms  DeleteObjects: 0.372600 ms)

========================================================================
Received Import Request.
  Time since last request: 3952.108027 seconds.
  path: Assets/Prefabs/Demo/DemoLevelSelectUI.prefab
  artifactKey: Guid(192b7f063bc8f1e49abe189b776659fa) Importer(815301076,1909f56bfc062723c751e8b465ee728b)
Start importing Assets/Prefabs/Demo/DemoLevelSelectUI.prefab using Guid(192b7f063bc8f1e49abe189b776659fa) Importer(815301076,1909f56bfc062723c751e8b465ee728b)  -> (artifact id: '719de5449c2269ca568c20ab1ae523a3') in 8.169489 seconds
  Import took 8.842368 seconds .

========================================================================
Received Import Request.
  Time since last request: 0.008066 seconds.
  path: Assets/Prefabs/UI/LevelSelectUI.prefab
  artifactKey: Guid(75cf83185fe8c974bac0a6d6f4f1d180) Importer(815301076,1909f56bfc062723c751e8b465ee728b)
Start importing Assets/Prefabs/UI/LevelSelectUI.prefab using Guid(75cf83185fe8c974bac0a6d6f4f1d180) Importer(815301076,1909f56bfc062723c751e8b465ee728b)  -> (artifact id: '741e372b249b98029ae87479d6ba4f1c') in 5.751509 seconds
  Import took 6.762080 seconds .

========================================================================
Received Import Request.
  Time since last request: 0.000283 seconds.
  path: Assets/Settings/LevelSelectButtonCubeScaleFactor.asset
  artifactKey: Guid(6b35fca449b547046a72a9894b04538c) Importer(815301076,1909f56bfc062723c751e8b465ee728b)
Start importing Assets/Settings/LevelSelectButtonCubeScaleFactor.asset using Guid(6b35fca449b547046a72a9894b04538c) Importer(815301076,1909f56bfc062723c751e8b465ee728b)  -> (artifact id: 'ad1ea080a34b190cb935ce6aa20a6391') in 0.005014 seconds
  Import took 0.016414 seconds .

========================================================================
Received Import Request.
  Time since last request: 0.000281 seconds.
  path: Assets/Settings/LevelSelectCubeScaleFactor.asset
  artifactKey: Guid(00c091fff4be0d84ea6036af9ef3a594) Importer(815301076,1909f56bfc062723c751e8b465ee728b)
Start importing Assets/Settings/LevelSelectCubeScaleFactor.asset using Guid(00c091fff4be0d84ea6036af9ef3a594) Importer(815301076,1909f56bfc062723c751e8b465ee728b)  -> (artifact id: '9e243ffd2b86dba55077b5834907924b') in 0.005076 seconds
  Import took 0.017316 seconds .

========================================================================
Received Import Request.
  Time since last request: 0.000657 seconds.
  path: Assets/Prefabs/UI/LevelSelectButton.prefab
  artifactKey: Guid(dbe0ffb888f2b754f9fa04296ad1d074) Importer(815301076,1909f56bfc062723c751e8b465ee728b)
Start importing Assets/Prefabs/UI/LevelSelectButton.prefab using Guid(dbe0ffb888f2b754f9fa04296ad1d074) Importer(815301076,1909f56bfc062723c751e8b465ee728b)  -> (artifact id: '974767b41cf592d142d41b8050bd23f9') in 2.828434 seconds
  Import took 3.489927 seconds .

========================================================================
Received Import Request.
  Time since last request: 0.000338 seconds.
  path: Assets/Prefabs/UI/StaticLevelSelectGroup.prefab
  artifactKey: Guid(1d09dd3c8e74f514985073c1c276433a) Importer(815301076,1909f56bfc062723c751e8b465ee728b)
Start importing Assets/Prefabs/UI/StaticLevelSelectGroup.prefab using Guid(1d09dd3c8e74f514985073c1c276433a) Importer(815301076,1909f56bfc062723c751e8b465ee728b)  -> (artifact id: '56cb4c170ff6965f30ed1b6d4a37cfbc') in 2.803340 seconds
  Import took 3.475199 seconds .

========================================================================
Received Import Request.
  Time since last request: 499.530923 seconds.
  path: Assets/Prefabs/UI/LevelSelectUI.prefab
  artifactKey: Guid(75cf83185fe8c974bac0a6d6f4f1d180) Importer(815301076,1909f56bfc062723c751e8b465ee728b)
Start importing Assets/Prefabs/UI/LevelSelectUI.prefab using Guid(75cf83185fe8c974bac0a6d6f4f1d180) Importer(815301076,1909f56bfc062723c751e8b465ee728b)  -> (artifact id: '70a0d77257f2107f209dc2d225e7620d') in 4.212929 seconds
  Import took 5.094656 seconds .

========================================================================
Received Import Request.
  Time since last request: 106.635088 seconds.
  path: Assets/Prefabs/UI/LevelSelectUI.prefab
  artifactKey: Guid(75cf83185fe8c974bac0a6d6f4f1d180) Importer(815301076,1909f56bfc062723c751e8b465ee728b)
Start importing Assets/Prefabs/UI/LevelSelectUI.prefab using Guid(75cf83185fe8c974bac0a6d6f4f1d180) Importer(815301076,1909f56bfc062723c751e8b465ee728b)  -> (artifact id: '9e8f267aedaa83aac6bcd703dd19f036') in 4.031854 seconds
  Import took 5.210845 seconds .

========================================================================
Received Import Request.
  Time since last request: 5.422102 seconds.
  path: Assets/Prefabs/UI/LevelSelectUI.prefab
  artifactKey: Guid(75cf83185fe8c974bac0a6d6f4f1d180) Importer(815301076,1909f56bfc062723c751e8b465ee728b)
Start importing Assets/Prefabs/UI/LevelSelectUI.prefab using Guid(75cf83185fe8c974bac0a6d6f4f1d180) Importer(815301076,1909f56bfc062723c751e8b465ee728b)  -> (artifact id: '9e8f267aedaa83aac6bcd703dd19f036') in 4.027867 seconds
  Import took 5.040681 seconds .

========================================================================
Received Prepare
Registering precompiled user dll's ...
Registered in 0.006469 seconds.
Begin MonoManager ReloadAssembly
Native extension for WindowsStandalone target not found
Native extension for OSXStandalone target not found
Refreshing native plugins compatible for Editor in 10.82 ms, found 4 plugins.
Preloading 0 native plugins for Editor in 0.00 ms.
Invoked RoslynAnalysisRunner static constructor.
RoslynAnalysisRunner will not be running.
RoslynAnalysisRunner has terminated.
Mono: successfully reloaded assembly
- Completed reload, in  1.601 seconds
Platform modules already initialized, skipping
Shader 'TextMeshPro/Distance Field (UIHsvModifier)': fallback shader 'TextMeshPro/Mobile/Distance Field (UIHsv)' not found
Shader 'TextMeshPro/Distance Field (UIHsvModifier)': fallback shader 'TextMeshPro/Mobile/Distance Field (UIHsv)' not found
Shader 'Universal Render Pipeline/Particles/Lit': fallback shader 'Universal Render Pipeline/Particles/SimpleLit' not found
Refreshing native plugins compatible for Editor in 1.11 ms, found 4 plugins.
Preloading 0 native plugins for Editor in 0.00 ms.
Unloading 3408 Unused Serialized files (Serialized files now loaded: 0)
System memory in use before: 177.6 MB.
System memory in use after: 177.5 MB.

Unloading 47 unused Assets to reduce memory usage. Loaded Objects now: 4088.
Total: 3.079300 ms (FindLiveObjects: 0.390000 ms CreateObjectMapping: 0.228400 ms MarkObjects: 2.120300 ms  DeleteObjects: 0.338000 ms)

========================================================================
Received Import Request.
  Time since last request: 665.682643 seconds.
  path: Assets/Prefabs/Infrastructure/FullGamePackage.prefab
  artifactKey: Guid(4a919419c31a1a0449513343ae104aeb) Importer(815301076,1909f56bfc062723c751e8b465ee728b)
Start importing Assets/Prefabs/Infrastructure/FullGamePackage.prefab using Guid(4a919419c31a1a0449513343ae104aeb) Importer(815301076,1909f56bfc062723c751e8b465ee728b)  -> (artifact id: 'c222c9f1a197bec19fff8d3b8a6f7a84') in 6.255749 seconds
  Import took 6.970197 seconds .

========================================================================
Received Import Request.
  Time since last request: 256.092293 seconds.
  path: Assets/Prefabs/UI/GameUI.prefab
  artifactKey: Guid(9c1c5d8f674798a499648c0c989bf9c0) Importer(815301076,1909f56bfc062723c751e8b465ee728b)
Start importing Assets/Prefabs/UI/GameUI.prefab using Guid(9c1c5d8f674798a499648c0c989bf9c0) Importer(815301076,1909f56bfc062723c751e8b465ee728b)  -> (artifact id: 'd6fcb6f00366e27451e43402ca2491cd') in 2.721471 seconds
  Import took 3.398987 seconds .

========================================================================
Received Import Request.
  Time since last request: 3.657927 seconds.
  path: Assets/Prefabs/UI/GameUI.prefab
  artifactKey: Guid(9c1c5d8f674798a499648c0c989bf9c0) Importer(815301076,1909f56bfc062723c751e8b465ee728b)
Start importing Assets/Prefabs/UI/GameUI.prefab using Guid(9c1c5d8f674798a499648c0c989bf9c0) Importer(815301076,1909f56bfc062723c751e8b465ee728b)  -> (artifact id: 'd6fcb6f00366e27451e43402ca2491cd') in 2.827608 seconds
  Import took 3.560908 seconds .

========================================================================
Received Prepare
Registering precompiled user dll's ...
Registered in 0.007766 seconds.
Begin MonoManager ReloadAssembly
Native extension for WindowsStandalone target not found
Native extension for OSXStandalone target not found
Refreshing native plugins compatible for Editor in 1.42 ms, found 4 plugins.
Preloading 0 native plugins for Editor in 0.00 ms.
Invoked RoslynAnalysisRunner static constructor.
RoslynAnalysisRunner will not be running.
RoslynAnalysisRunner has terminated.
Mono: successfully reloaded assembly
- Completed reload, in  1.382 seconds
Platform modules already initialized, skipping
Shader 'TextMeshPro/Distance Field (UIHsvModifier)': fallback shader 'TextMeshPro/Mobile/Distance Field (UIHsv)' not found
Shader 'TextMeshPro/Distance Field (UIHsvModifier)': fallback shader 'TextMeshPro/Mobile/Distance Field (UIHsv)' not found
Shader 'Universal Render Pipeline/Particles/Lit': fallback shader 'Universal Render Pipeline/Particles/SimpleLit' not found
Refreshing native plugins compatible for Editor in 0.96 ms, found 4 plugins.
Preloading 0 native plugins for Editor in 0.00 ms.
Unloading 3402 Unused Serialized files (Serialized files now loaded: 0)
System memory in use before: 177.7 MB.
System memory in use after: 177.5 MB.

Unloading 52 unused Assets to reduce memory usage. Loaded Objects now: 4127.
Total: 4.503500 ms (FindLiveObjects: 0.659600 ms CreateObjectMapping: 0.348800 ms MarkObjects: 3.009000 ms  DeleteObjects: 0.484100 ms)

========================================================================
Received Import Request.
  Time since last request: 86.544860 seconds.
  path: Assets/Prefabs/UI/GameUI.prefab
  artifactKey: Guid(9c1c5d8f674798a499648c0c989bf9c0) Importer(815301076,1909f56bfc062723c751e8b465ee728b)
Start importing Assets/Prefabs/UI/GameUI.prefab using Guid(9c1c5d8f674798a499648c0c989bf9c0) Importer(815301076,1909f56bfc062723c751e8b465ee728b)  -> (artifact id: 'e883c3e8ad18edae9514e2382ad7feb4') in 2.815280 seconds
  Import took 3.480629 seconds .

========================================================================
Received Prepare
Registering precompiled user dll's ...
Registered in 0.005976 seconds.
Begin MonoManager ReloadAssembly
Native extension for WindowsStandalone target not found
Native extension for OSXStandalone target not found
Refreshing native plugins compatible for Editor in 0.98 ms, found 4 plugins.
Preloading 0 native plugins for Editor in 0.00 ms.
Invoked RoslynAnalysisRunner static constructor.
RoslynAnalysisRunner will not be running.
RoslynAnalysisRunner has terminated.
Mono: successfully reloaded assembly
- Completed reload, in  1.322 seconds
Platform modules already initialized, skipping
Shader 'TextMeshPro/Distance Field (UIHsvModifier)': fallback shader 'TextMeshPro/Mobile/Distance Field (UIHsv)' not found
Shader 'Universal Render Pipeline/Particles/Lit': fallback shader 'Universal Render Pipeline/Particles/SimpleLit' not found
Shader 'TextMeshPro/Distance Field (UIHsvModifier)': fallback shader 'TextMeshPro/Mobile/Distance Field (UIHsv)' not found
Refreshing native plugins compatible for Editor in 0.92 ms, found 4 plugins.
Preloading 0 native plugins for Editor in 0.00 ms.
Unloading 3402 Unused Serialized files (Serialized files now loaded: 0)
System memory in use before: 177.9 MB.
System memory in use after: 177.7 MB.

Unloading 51 unused Assets to reduce memory usage. Loaded Objects now: 4130.
Total: 5.167100 ms (FindLiveObjects: 0.364600 ms CreateObjectMapping: 0.192900 ms MarkObjects: 4.173500 ms  DeleteObjects: 0.434600 ms)

========================================================================
Received Import Request.
  Time since last request: 891.034648 seconds.
  path: Assets/Scripts/CurrentLevel.cs
  artifactKey: Guid(82234f80e9d1f0a4bb25e6fd3de317db) Importer(815301076,1909f56bfc062723c751e8b465ee728b)
Start importing Assets/Scripts/CurrentLevel.cs using Guid(82234f80e9d1f0a4bb25e6fd3de317db) Importer(815301076,1909f56bfc062723c751e8b465ee728b)  -> (artifact id: 'eae0739d506763ff46efbafc46addaa1') in 0.158156 seconds
  Import took 0.298973 seconds .

========================================================================
Received Prepare
Registering precompiled user dll's ...
Registered in 0.028444 seconds.
Begin MonoManager ReloadAssembly
Native extension for WindowsStandalone target not found
Native extension for OSXStandalone target not found
Refreshing native plugins compatible for Editor in 1.67 ms, found 4 plugins.
Preloading 0 native plugins for Editor in 0.00 ms.
Invoked RoslynAnalysisRunner static constructor.
RoslynAnalysisRunner will not be running.
RoslynAnalysisRunner has terminated.
Mono: successfully reloaded assembly
- Completed reload, in 10.035 seconds
Platform modules already initialized, skipping
Shader 'TextMeshPro/Distance Field (UIHsvModifier)': fallback shader 'TextMeshPro/Mobile/Distance Field (UIHsv)' not found
Shader 'TextMeshPro/Distance Field (UIHsvModifier)': fallback shader 'TextMeshPro/Mobile/Distance Field (UIHsv)' not found
Shader 'Universal Render Pipeline/Particles/Lit': fallback shader 'Universal Render Pipeline/Particles/SimpleLit' not found
Refreshing native plugins compatible for Editor in 0.93 ms, found 4 plugins.
Preloading 0 native plugins for Editor in 0.00 ms.
Unloading 3402 Unused Serialized files (Serialized files now loaded: 0)
System memory in use before: 177.9 MB.
System memory in use after: 177.8 MB.

Unloading 47 unused Assets to reduce memory usage. Loaded Objects now: 4133.
Total: 9.495000 ms (FindLiveObjects: 0.410400 ms CreateObjectMapping: 0.209600 ms MarkObjects: 7.809700 ms  DeleteObjects: 1.063800 ms)

========================================================================
Received Prepare
Registering precompiled user dll's ...
Registered in 0.034270 seconds.
Begin MonoManager ReloadAssembly
Native extension for WindowsStandalone target not found
Native extension for OSXStandalone target not found
Refreshing native plugins compatible for Editor in 1.35 ms, found 4 plugins.
Preloading 0 native plugins for Editor in 0.00 ms.
Invoked RoslynAnalysisRunner static constructor.
RoslynAnalysisRunner will not be running.
RoslynAnalysisRunner has terminated.
Mono: successfully reloaded assembly
- Completed reload, in  3.087 seconds
Platform modules already initialized, skipping
Shader 'TextMeshPro/Distance Field (UIHsvModifier)': fallback shader 'TextMeshPro/Mobile/Distance Field (UIHsv)' not found
Shader 'TextMeshPro/Distance Field (UIHsvModifier)': fallback shader 'TextMeshPro/Mobile/Distance Field (UIHsv)' not found
Shader 'Universal Render Pipeline/Particles/Lit': fallback shader 'Universal Render Pipeline/Particles/SimpleLit' not found
Refreshing native plugins compatible for Editor in 1.08 ms, found 4 plugins.
Preloading 0 native plugins for Editor in 0.00 ms.
Unloading 3402 Unused Serialized files (Serialized files now loaded: 0)
System memory in use before: 178.0 MB.
System memory in use after: 177.8 MB.

Unloading 47 unused Assets to reduce memory usage. Loaded Objects now: 4136.
Total: 14.788300 ms (FindLiveObjects: 1.337300 ms CreateObjectMapping: 0.379300 ms MarkObjects: 12.447600 ms  DeleteObjects: 0.621400 ms)

========================================================================
Received Prepare
Registering precompiled user dll's ...
Registered in 0.153812 seconds.
Begin MonoManager ReloadAssembly
Native extension for WindowsStandalone target not found
Native extension for OSXStandalone target not found
Refreshing native plugins compatible for Editor in 1.30 ms, found 4 plugins.
Preloading 0 native plugins for Editor in 0.00 ms.
Invoked RoslynAnalysisRunner static constructor.
RoslynAnalysisRunner will not be running.
RoslynAnalysisRunner has terminated.
Mono: successfully reloaded assembly
- Completed reload, in  2.153 seconds
Platform modules already initialized, skipping
Shader 'TextMeshPro/Distance Field (UIHsvModifier)': fallback shader 'TextMeshPro/Mobile/Distance Field (UIHsv)' not found
Shader 'Universal Render Pipeline/Particles/Lit': fallback shader 'Universal Render Pipeline/Particles/SimpleLit' not found
Shader 'TextMeshPro/Distance Field (UIHsvModifier)': fallback shader 'TextMeshPro/Mobile/Distance Field (UIHsv)' not found
Refreshing native plugins compatible for Editor in 1.27 ms, found 4 plugins.
Preloading 0 native plugins for Editor in 0.00 ms.
Unloading 3402 Unused Serialized files (Serialized files now loaded: 0)
System memory in use before: 178.0 MB.
System memory in use after: 177.8 MB.

Unloading 47 unused Assets to reduce memory usage. Loaded Objects now: 4139.
Total: 8.422200 ms (FindLiveObjects: 0.466000 ms CreateObjectMapping: 0.325000 ms MarkObjects: 7.148200 ms  DeleteObjects: 0.480900 ms)

========================================================================
Received Prepare
Registering precompiled user dll's ...
Registered in 0.009130 seconds.
Begin MonoManager ReloadAssembly
Native extension for WindowsStandalone target not found
Native extension for OSXStandalone target not found
Refreshing native plugins compatible for Editor in 1.66 ms, found 4 plugins.
Preloading 0 native plugins for Editor in 0.00 ms.
Invoked RoslynAnalysisRunner static constructor.
RoslynAnalysisRunner will not be running.
RoslynAnalysisRunner has terminated.
Mono: successfully reloaded assembly
- Completed reload, in  2.687 seconds
Platform modules already initialized, skipping
Shader 'TextMeshPro/Distance Field (UIHsvModifier)': fallback shader 'TextMeshPro/Mobile/Distance Field (UIHsv)' not found
Shader 'TextMeshPro/Distance Field (UIHsvModifier)': fallback shader 'TextMeshPro/Mobile/Distance Field (UIHsv)' not found
Shader 'Universal Render Pipeline/Particles/Lit': fallback shader 'Universal Render Pipeline/Particles/SimpleLit' not found
Refreshing native plugins compatible for Editor in 1.05 ms, found 4 plugins.
Preloading 0 native plugins for Editor in 0.00 ms.
Unloading 3402 Unused Serialized files (Serialized files now loaded: 0)
System memory in use before: 178.0 MB.
System memory in use after: 177.9 MB.

Unloading 47 unused Assets to reduce memory usage. Loaded Objects now: 4142.
Total: 7.068200 ms (FindLiveObjects: 1.151600 ms CreateObjectMapping: 2.703100 ms MarkObjects: 2.825600 ms  DeleteObjects: 0.385600 ms)

========================================================================
Received Prepare
Registering precompiled user dll's ...
Registered in 0.029502 seconds.
Begin MonoManager ReloadAssembly
Native extension for WindowsStandalone target not found
Native extension for OSXStandalone target not found
Refreshing native plugins compatible for Editor in 1.88 ms, found 4 plugins.
Preloading 0 native plugins for Editor in 0.00 ms.
Invoked RoslynAnalysisRunner static constructor.
RoslynAnalysisRunner will not be running.
RoslynAnalysisRunner has terminated.
Mono: successfully reloaded assembly
- Completed reload, in  2.697 seconds
Platform modules already initialized, skipping
Shader 'TextMeshPro/Distance Field (UIHsvModifier)': fallback shader 'TextMeshPro/Mobile/Distance Field (UIHsv)' not found
Shader 'Universal Render Pipeline/Particles/Lit': fallback shader 'Universal Render Pipeline/Particles/SimpleLit' not found
Shader 'TextMeshPro/Distance Field (UIHsvModifier)': fallback shader 'TextMeshPro/Mobile/Distance Field (UIHsv)' not found
Refreshing native plugins compatible for Editor in 1.31 ms, found 4 plugins.
Preloading 0 native plugins for Editor in 0.00 ms.
Unloading 3402 Unused Serialized files (Serialized files now loaded: 0)
System memory in use before: 178.0 MB.
System memory in use after: 177.9 MB.

Unloading 47 unused Assets to reduce memory usage. Loaded Objects now: 4145.
Total: 6.028000 ms (FindLiveObjects: 0.750900 ms CreateObjectMapping: 0.479700 ms MarkObjects: 4.234700 ms  DeleteObjects: 0.560300 ms)

========================================================================
Received Prepare
Shader 'TextMeshPro/Distance Field (UIHsvModifier)': fallback shader 'TextMeshPro/Mobile/Distance Field (UIHsv)' not found
Shader 'TextMeshPro/Distance Field (UIHsvModifier)': fallback shader 'TextMeshPro/Mobile/Distance Field (UIHsv)' not found
Shader 'Universal Render Pipeline/Particles/Lit': fallback shader 'Universal Render Pipeline/Particles/SimpleLit' not found
Refreshing native plugins compatible for Editor in 108.48 ms, found 4 plugins.
Preloading 0 native plugins for Editor in 0.00 ms.
Unloading 46 Unused Serialized files (Serialized files now loaded: 0)
System memory in use before: 111.8 MB.
System memory in use after: 111.7 MB.

Unloading 45 unused Assets to reduce memory usage. Loaded Objects now: 4145.
Total: 36.205900 ms (FindLiveObjects: 4.278000 ms CreateObjectMapping: 0.545500 ms MarkObjects: 30.800000 ms  DeleteObjects: 0.580100 ms)

